This is pdfTeX, Version 3.141592653-2.6-1.40.25 (TeX Live 2023) (preloaded format=pdflatex 2023.9.20)  12 APR 2024 14:58
entering extended mode
 restricted \write18 enabled.
 %&-line parsing enabled.
**chyby.tex
(./chyby.tex
LaTeX2e <2023-06-01> patch level 1
L3 programming layer <2023-08-29>
(c:/texlive/2023/texmf-dist/tex/latex/base/article.cls
Document Class: article 2023/05/17 v1.4n Standard LaTeX document class
(c:/texlive/2023/texmf-dist/tex/latex/base/size10.clo
File: size10.clo 2023/05/17 v1.4n Standard LaTeX file (size option)
)
\c@part=\count185
\c@section=\count186
\c@subsection=\count187
\c@subsubsection=\count188
\c@paragraph=\count189
\c@subparagraph=\count190
\c@figure=\count191
\c@table=\count192
\abovecaptionskip=\skip48
\belowcaptionskip=\skip49
\bibindent=\dimen140
)
(c:/texlive/2023/texmf-dist/tex/latex/listings/listings.sty
(c:/texlive/2023/texmf-dist/tex/latex/graphics/keyval.sty
Package: keyval 2022/05/29 v1.15 key=value parser (DPC)
\KV@toks@=\toks17
)
\lst@mode=\count193
\lst@gtempboxa=\box51
\lst@token=\toks18
\lst@length=\count194
\lst@currlwidth=\dimen141
\lst@column=\count195
\lst@pos=\count196
\lst@lostspace=\dimen142
\lst@width=\dimen143
\lst@newlines=\count197
\lst@lineno=\count198
\lst@maxwidth=\dimen144

(c:/texlive/2023/texmf-dist/tex/latex/listings/lstmisc.sty
File: lstmisc.sty 2023/02/27 1.9 (Carsten Heinz)
\c@lstnumber=\count199
\lst@skipnumbers=\count266
\lst@framebox=\box52
)
(c:/texlive/2023/texmf-dist/tex/latex/listings/listings.cfg
File: listings.cfg 2023/02/27 1.9 listings configuration
))
Package: listings 2023/02/27 1.9 (Carsten Heinz)

(c:/texlive/2023/texmf-dist/tex/latex/l3backend/l3backend-pdftex.def
File: l3backend-pdftex.def 2023-04-19 L3 backend support: PDF output (pdfTeX)
\l__color_backend_stack_int=\count267
\l__pdf_internal_box=\box53
)
(./chyby.aux)
\openout1 = `chyby.aux'.

LaTeX Font Info:    Checking defaults for OML/cmm/m/it on input line 4.
LaTeX Font Info:    ... okay on input line 4.
LaTeX Font Info:    Checking defaults for OMS/cmsy/m/n on input line 4.
LaTeX Font Info:    ... okay on input line 4.
LaTeX Font Info:    Checking defaults for OT1/cmr/m/n on input line 4.
LaTeX Font Info:    ... okay on input line 4.
LaTeX Font Info:    Checking defaults for T1/cmr/m/n on input line 4.
LaTeX Font Info:    ... okay on input line 4.
LaTeX Font Info:    Checking defaults for TS1/cmr/m/n on input line 4.
LaTeX Font Info:    ... okay on input line 4.
LaTeX Font Info:    Checking defaults for OMX/cmex/m/n on input line 4.
LaTeX Font Info:    ... okay on input line 4.
LaTeX Font Info:    Checking defaults for U/cmr/m/n on input line 4.
LaTeX Font Info:    ... okay on input line 4.
\c@lstlisting=\count268

Overfull \hbox (48.74657pt too wide) in paragraph at lines 43--43
[]\OT1/cmtt/m/n/10 ------------------------------------------------------------
---------------[] 
 []


Overfull \hbox (48.74657pt too wide) in paragraph at lines 43--43
[]\OT1/cmtt/m/n/10 IndexError                                Traceback (most re
cent call last)[] 
 []

[1

{c:/texlive/2023/texmf-var/fonts/map/pdftex/updmap/pdftex.map}] [2] [3]
Overfull \hbox (48.74657pt too wide) in paragraph at lines 143--143
[]\OT1/cmtt/m/n/10 ------------------------------------------------------------
---------------[] 
 []


Overfull \hbox (48.74657pt too wide) in paragraph at lines 143--143
[]\OT1/cmtt/m/n/10 NameError                                 Traceback (most re
cent call last)[] 
 []


Overfull \hbox (48.74657pt too wide) in paragraph at lines 160--160
[]\OT1/cmtt/m/n/10 ------------------------------------------------------------
---------------[] 
 []


Overfull \hbox (48.74657pt too wide) in paragraph at lines 160--160
[]\OT1/cmtt/m/n/10 NameError                                 Traceback (most re
cent call last)[] 
 []

[4]
Overfull \hbox (48.74657pt too wide) in paragraph at lines 179--179
[]\OT1/cmtt/m/n/10 ------------------------------------------------------------
---------------[] 
 []


Overfull \hbox (48.74657pt too wide) in paragraph at lines 179--179
[]\OT1/cmtt/m/n/10 NameError                                 Traceback (most re
cent call last)[] 
 []


Overfull \hbox (48.74657pt too wide) in paragraph at lines 200--200
[]\OT1/cmtt/m/n/10 ------------------------------------------------------------
---------------[] 
 []


Overfull \hbox (48.74657pt too wide) in paragraph at lines 200--200
[]\OT1/cmtt/m/n/10 NameError                                 Traceback (most re
cent call last)[] 
 []

[5]
Overfull \hbox (48.74657pt too wide) in paragraph at lines 229--229
[]\OT1/cmtt/m/n/10 ------------------------------------------------------------
---------------[] 
 []


Overfull \hbox (48.74657pt too wide) in paragraph at lines 229--229
[]\OT1/cmtt/m/n/10 IndexError                                Traceback (most re
cent call last)[] 
 []


Overfull \hbox (8.74925pt too wide) in paragraph at lines 235--236
\OT1/cmr/m/n/10 file that was opened read-only, Python 3 re-turns an \OT1/cmtt/
m/n/10 UnsupportedOperationError\OT1/cmr/m/n/10 .
 []


Overfull \hbox (10.22209pt too wide) in paragraph at lines 235--236
\OT1/cmr/m/n/10 More gen-er-ally, prob-lems with in-put and out-put man-i-fest 
as \OT1/cmtt/m/n/10 IOError\OT1/cmr/m/n/10 s or \OT1/cmtt/m/n/10 OSError\OT1/cm
r/m/n/10 s,
 []


Overfull \hbox (48.74657pt too wide) in paragraph at lines 248--248
[]\OT1/cmtt/m/n/10 ------------------------------------------------------------
---------------[] 
 []


Overfull \hbox (48.74657pt too wide) in paragraph at lines 248--248
[]\OT1/cmtt/m/n/10 FileNotFoundError                         Traceback (most re
cent call last)[] 
 []


Overfull \hbox (11.99689pt too wide) in paragraph at lines 248--248
[]\OT1/cmtt/m/n/10 FileNotFoundError: [Errno 2] No such file or directory: 'myf
ile.txt'[] 
 []

[6]
Overfull \hbox (48.74657pt too wide) in paragraph at lines 267--267
[]\OT1/cmtt/m/n/10 ------------------------------------------------------------
---------------[] 
 []


Overfull \hbox (48.74657pt too wide) in paragraph at lines 267--267
[]\OT1/cmtt/m/n/10 UnsupportedOperation                      Traceback (most re
cent call last)[] 
 []

[7]
Overfull \hbox (48.74657pt too wide) in paragraph at lines 327--327
[]\OT1/cmtt/m/n/10 ------------------------------------------------------------
---------------[] 
 []


Overfull \hbox (48.74657pt too wide) in paragraph at lines 327--327
[]\OT1/cmtt/m/n/10 KeyError                                  Traceback (most re
cent call last)[] 
 []

[8]
Overfull \hbox (4.19333pt too wide) in paragraph at lines 358--359
[]\OT1/cmtt/m/n/10 SyntaxError \OT1/cmr/m/n/10 for miss-ing \OT1/cmtt/m/n/10 ()
: \OT1/cmr/m/n/10 at the end of the first line, \OT1/cmtt/m/n/10 IndentationErr
or
 []

[9] [10] [11] (./chyby.aux)
 ***********
LaTeX2e <2023-06-01> patch level 1
L3 programming layer <2023-08-29>
 ***********
 ) 
Here is how much of TeX's memory you used:
 1847 strings out of 474934
 28815 string characters out of 5763814
 1927785 words of memory out of 5000000
 23456 multiletter control sequences out of 15000+600000
 559496 words of font info for 41 fonts, out of 8000000 for 9000
 1141 hyphenation exceptions out of 8191
 41i,5n,51p,670b,266s stack positions out of 10000i,1000n,20000p,200000b,200000s
<c:/texlive/2023/texmf-dist/fonts/type1/public/amsfonts/cm/cmbx10.pfb><c:/tex
live/2023/texmf-dist/fonts/type1/public/amsfonts/cm/cmbx12.pfb><c:/texlive/2023
/texmf-dist/fonts/type1/public/amsfonts/cm/cmr10.pfb><c:/texlive/2023/texmf-dis
t/fonts/type1/public/amsfonts/cm/cmti10.pfb><c:/texlive/2023/texmf-dist/fonts/t
ype1/public/amsfonts/cm/cmtt10.pfb>
Output written on chyby.pdf (11 pages, 102472 bytes).
PDF statistics:
 65 PDF objects out of 1000 (max. 8388607)
 41 compressed objects within 1 object stream
 0 named destinations out of 1000 (max. 500000)
 1 words of extra memory for PDF output out of 10000 (max. 10000000)

